cl : command line  warning D9035: option 'Gm' has been deprecated and will be removed in a future release
  vector4.cpp
C:\Users\xgame\Desktop\rasterizer-master\source\app\rendering\math\vector4.cpp(11,16): warning C4244: 'return': conversion from 'double' to 'float', possible loss of data
  vector3.cpp
C:\Users\xgame\Desktop\rasterizer-master\source\app\rendering\math\vector3.cpp(22,16): warning C4244: 'return': conversion from 'double' to 'float', possible loss of data
  tests.cpp
C:\Users\xgame\Desktop\rasterizer-master\source\app\rendering\color.h(34,14): warning C4244: '*=': conversion from 'float' to 'Uint8', possible loss of data
  (compiling source file 'rendering/tests.cpp')
  
C:\Users\xgame\Desktop\rasterizer-master\source\app\rendering\color.h(35,14): warning C4244: '*=': conversion from 'float' to 'Uint8', possible loss of data
  (compiling source file 'rendering/tests.cpp')
  
C:\Users\xgame\Desktop\rasterizer-master\source\app\rendering\color.h(36,14): warning C4244: '*=': conversion from 'float' to 'Uint8', possible loss of data
  (compiling source file 'rendering/tests.cpp')
  
C:\Users\xgame\Desktop\rasterizer-master\source\app\rendering\color.h(41,52): warning C4244: 'argument': conversion from 'float' to 'Uint8', possible loss of data
  (compiling source file 'rendering/tests.cpp')
  
C:\Users\xgame\Desktop\rasterizer-master\source\app\rendering\color.h(41,39): warning C4244: 'argument': conversion from 'float' to 'Uint8', possible loss of data
  (compiling source file 'rendering/tests.cpp')
  
C:\Users\xgame\Desktop\rasterizer-master\source\app\rendering\color.h(41,26): warning C4244: 'argument': conversion from 'float' to 'Uint8', possible loss of data
  (compiling source file 'rendering/tests.cpp')
  
C:\Users\xgame\Desktop\rasterizer-master\source\app\rendering\tests.cpp(66,14): warning C4244: 'initializing': conversion from 'int' to 'float', possible loss of data
C:\Users\xgame\Desktop\rasterizer-master\source\app\rendering\tests.cpp(67,14): warning C4244: 'initializing': conversion from 'int' to 'float', possible loss of data
C:\Users\xgame\Desktop\rasterizer-master\source\app\rendering\tests.cpp(117,23): warning C4244: '=': conversion from 'double' to 'int', possible loss of data
C:\Users\xgame\Desktop\rasterizer-master\source\app\rendering\tests.cpp(118,23): warning C4244: '=': conversion from 'double' to 'int', possible loss of data
C:\Users\xgame\Desktop\rasterizer-master\source\app\rendering\tests.cpp(227,30): warning C4244: 'argument': conversion from 'int' to 'float', possible loss of data
C:\Users\xgame\Desktop\rasterizer-master\source\app\rendering\tests.cpp(227,27): warning C4244: 'argument': conversion from 'int' to 'float', possible loss of data
C:\Users\xgame\Desktop\rasterizer-master\source\app\rendering\tests.cpp(312,14): warning C4244: 'argument': conversion from 'int' to 'const float', possible loss of data
C:\Users\xgame\Desktop\rasterizer-master\source\app\rendering\tests.cpp(311,58): warning C4244: 'argument': conversion from 'int' to 'const float', possible loss of data
C:\Users\xgame\Desktop\rasterizer-master\source\app\rendering\tests.cpp(333,23): warning C4018: '<': signed/unsigned mismatch
C:\Users\xgame\Desktop\rasterizer-master\source\app\rendering\tests.cpp(372,32): warning C4244: '=': conversion from 'double' to 'float', possible loss of data
  mesh.cpp
C:\Users\xgame\Desktop\rasterizer-master\source\app\rendering\color.h(34,14): warning C4244: '*=': conversion from 'float' to 'Uint8', possible loss of data
  (compiling source file 'rendering/3d/mesh.cpp')
  
C:\Users\xgame\Desktop\rasterizer-master\source\app\rendering\color.h(35,14): warning C4244: '*=': conversion from 'float' to 'Uint8', possible loss of data
  (compiling source file 'rendering/3d/mesh.cpp')
  
C:\Users\xgame\Desktop\rasterizer-master\source\app\rendering\color.h(36,14): warning C4244: '*=': conversion from 'float' to 'Uint8', possible loss of data
  (compiling source file 'rendering/3d/mesh.cpp')
  
C:\Users\xgame\Desktop\rasterizer-master\source\app\rendering\color.h(41,52): warning C4244: 'argument': conversion from 'float' to 'Uint8', possible loss of data
  (compiling source file 'rendering/3d/mesh.cpp')
  
C:\Users\xgame\Desktop\rasterizer-master\source\app\rendering\color.h(41,39): warning C4244: 'argument': conversion from 'float' to 'Uint8', possible loss of data
  (compiling source file 'rendering/3d/mesh.cpp')
  
C:\Users\xgame\Desktop\rasterizer-master\source\app\rendering\color.h(41,26): warning C4244: 'argument': conversion from 'float' to 'Uint8', possible loss of data
  (compiling source file 'rendering/3d/mesh.cpp')
  
C:\Users\xgame\Desktop\rasterizer-master\source\app\rendering\3d\mesh.cpp(75,23): warning C4018: '<': signed/unsigned mismatch
C:\Users\xgame\Desktop\rasterizer-master\source\app\rendering\3d\mesh.cpp(96,23): warning C4018: '<': signed/unsigned mismatch
  matrix.cpp
C:\Users\xgame\Desktop\rasterizer-master\source\app\rendering\math\matrix.cpp(100,38): warning C4244: '=': conversion from 'double' to 'float', possible loss of data
C:\Users\xgame\Desktop\rasterizer-master\source\app\rendering\math\matrix.cpp(101,23): warning C4244: '=': conversion from 'double' to 'float', possible loss of data
C:\Users\xgame\Desktop\rasterizer-master\source\app\rendering\math\matrix.cpp(108,38): warning C4244: '=': conversion from 'double' to 'float', possible loss of data
C:\Users\xgame\Desktop\rasterizer-master\source\app\rendering\math\matrix.cpp(109,23): warning C4244: '=': conversion from 'double' to 'float', possible loss of data
C:\Users\xgame\Desktop\rasterizer-master\source\app\rendering\math\matrix.cpp(116,38): warning C4244: '=': conversion from 'double' to 'float', possible loss of data
C:\Users\xgame\Desktop\rasterizer-master\source\app\rendering\math\matrix.cpp(117,23): warning C4244: '=': conversion from 'double' to 'float', possible loss of data
C:\Users\xgame\Desktop\rasterizer-master\source\app\rendering\math\matrix.cpp(184,34): warning C4244: 'argument': conversion from 'double' to 'float', possible loss of data
  device.cpp
C:\Users\xgame\Desktop\rasterizer-master\source\app\rendering\color.h(34,14): warning C4244: '*=': conversion from 'float' to 'Uint8', possible loss of data
  (compiling source file 'rendering/device.cpp')
  
C:\Users\xgame\Desktop\rasterizer-master\source\app\rendering\color.h(35,14): warning C4244: '*=': conversion from 'float' to 'Uint8', possible loss of data
  (compiling source file 'rendering/device.cpp')
  
C:\Users\xgame\Desktop\rasterizer-master\source\app\rendering\color.h(36,14): warning C4244: '*=': conversion from 'float' to 'Uint8', possible loss of data
  (compiling source file 'rendering/device.cpp')
  
C:\Users\xgame\Desktop\rasterizer-master\source\app\rendering\color.h(41,52): warning C4244: 'argument': conversion from 'float' to 'Uint8', possible loss of data
  (compiling source file 'rendering/device.cpp')
  
C:\Users\xgame\Desktop\rasterizer-master\source\app\rendering\color.h(41,39): warning C4244: 'argument': conversion from 'float' to 'Uint8', possible loss of data
  (compiling source file 'rendering/device.cpp')
  
C:\Users\xgame\Desktop\rasterizer-master\source\app\rendering\color.h(41,26): warning C4244: 'argument': conversion from 'float' to 'Uint8', possible loss of data
  (compiling source file 'rendering/device.cpp')
  
C:\Users\xgame\Desktop\rasterizer-master\source\app\rendering\device.cpp(95,23): warning C4018: '<': signed/unsigned mismatch
  perftimer.cpp
  main.cpp
C:\Users\xgame\Desktop\rasterizer-master\source\app\rendering\color.h(34,14): warning C4244: '*=': conversion from 'float' to 'Uint8', possible loss of data
  (compiling source file 'main.cpp')
  
C:\Users\xgame\Desktop\rasterizer-master\source\app\rendering\color.h(35,14): warning C4244: '*=': conversion from 'float' to 'Uint8', possible loss of data
  (compiling source file 'main.cpp')
  
C:\Users\xgame\Desktop\rasterizer-master\source\app\rendering\color.h(36,14): warning C4244: '*=': conversion from 'float' to 'Uint8', possible loss of data
  (compiling source file 'main.cpp')
  
C:\Users\xgame\Desktop\rasterizer-master\source\app\rendering\color.h(41,52): warning C4244: 'argument': conversion from 'float' to 'Uint8', possible loss of data
  (compiling source file 'main.cpp')
  
C:\Users\xgame\Desktop\rasterizer-master\source\app\rendering\color.h(41,39): warning C4244: 'argument': conversion from 'float' to 'Uint8', possible loss of data
  (compiling source file 'main.cpp')
  
C:\Users\xgame\Desktop\rasterizer-master\source\app\rendering\color.h(41,26): warning C4244: 'argument': conversion from 'float' to 'Uint8', possible loss of data
  (compiling source file 'main.cpp')
  
  debug.cpp
  util.cpp
  circle.cpp
C:\Users\xgame\Desktop\rasterizer-master\source\app\rendering\color.h(34,14): warning C4244: '*=': conversion from 'float' to 'Uint8', possible loss of data
  (compiling source file 'rendering/svg/circle.cpp')
  
C:\Users\xgame\Desktop\rasterizer-master\source\app\rendering\color.h(35,14): warning C4244: '*=': conversion from 'float' to 'Uint8', possible loss of data
  (compiling source file 'rendering/svg/circle.cpp')
  
C:\Users\xgame\Desktop\rasterizer-master\source\app\rendering\color.h(36,14): warning C4244: '*=': conversion from 'float' to 'Uint8', possible loss of data
  (compiling source file 'rendering/svg/circle.cpp')
  
C:\Users\xgame\Desktop\rasterizer-master\source\app\rendering\color.h(41,52): warning C4244: 'argument': conversion from 'float' to 'Uint8', possible loss of data
  (compiling source file 'rendering/svg/circle.cpp')
  
C:\Users\xgame\Desktop\rasterizer-master\source\app\rendering\color.h(41,39): warning C4244: 'argument': conversion from 'float' to 'Uint8', possible loss of data
  (compiling source file 'rendering/svg/circle.cpp')
  
C:\Users\xgame\Desktop\rasterizer-master\source\app\rendering\color.h(41,26): warning C4244: 'argument': conversion from 'float' to 'Uint8', possible loss of data
  (compiling source file 'rendering/svg/circle.cpp')
  
  color.cpp
C:\Users\xgame\Desktop\rasterizer-master\source\app\rendering\color.h(34,14): warning C4244: '*=': conversion from 'float' to 'Uint8', possible loss of data
  (compiling source file 'rendering/color.cpp')
  
C:\Users\xgame\Desktop\rasterizer-master\source\app\rendering\color.h(35,14): warning C4244: '*=': conversion from 'float' to 'Uint8', possible loss of data
  (compiling source file 'rendering/color.cpp')
  
C:\Users\xgame\Desktop\rasterizer-master\source\app\rendering\color.h(36,14): warning C4244: '*=': conversion from 'float' to 'Uint8', possible loss of data
  (compiling source file 'rendering/color.cpp')
  
C:\Users\xgame\Desktop\rasterizer-master\source\app\rendering\color.h(41,52): warning C4244: 'argument': conversion from 'float' to 'Uint8', possible loss of data
  (compiling source file 'rendering/color.cpp')
  
C:\Users\xgame\Desktop\rasterizer-master\source\app\rendering\color.h(41,39): warning C4244: 'argument': conversion from 'float' to 'Uint8', possible loss of data
  (compiling source file 'rendering/color.cpp')
  
C:\Users\xgame\Desktop\rasterizer-master\source\app\rendering\color.h(41,26): warning C4244: 'argument': conversion from 'float' to 'Uint8', possible loss of data
  (compiling source file 'rendering/color.cpp')
  
  Generating Code...
C:\Users\xgame\Desktop\rasterizer-master\source\app\rendering\3d\mesh.cpp(62,1): warning C4715: 'Mesh::ReadTestFormat': not all control paths return a value
color.obj : warning LNK4075: ignoring '/EDITANDCONTINUE' due to '/SAFESEH' specification
  rasterizer.vcxproj -> C:\Users\xgame\Desktop\rasterizer-master\test\rasterizer.exe
  C:\Users\xgame\Desktop\rasterizer-master\data\suzanne.mtl -> C:\Users\xgame\Desktop\rasterizer-master\test\data\suzanne.mtl
  C:\Users\xgame\Desktop\rasterizer-master\data\suzanne.obj -> C:\Users\xgame\Desktop\rasterizer-master\test\data\suzanne.obj
  2 File(s) copied
  C:\Users\xgame\Desktop\rasterizer-master\source\dll\SDL2.dll -> C:\Users\xgame\Desktop\rasterizer-master\test\SDL2.dll
  1 File(s) copied
