c:\users\xgame\desktop\rasterizer-master\source\app\x64\debug\vc145.pdb
c:\users\xgame\desktop\rasterizer-master\source\app\x64\debug\device.obj
c:\users\xgame\desktop\rasterizer-master\source\x64\debug\rasterizer.exe
c:\users\xgame\desktop\rasterizer-master\source\x64\debug\rasterizer.pdb
c:\users\xgame\desktop\rasterizer-master\source\app\x64\debug\rasterizer.ilk
c:\users\xgame\desktop\rasterizer-master\source\app\x64\debug\circle.obj
c:\users\xgame\desktop\rasterizer-master\source\app\x64\debug\color.obj
c:\users\xgame\desktop\rasterizer-master\source\app\x64\debug\debug.obj
c:\users\xgame\desktop\rasterizer-master\source\app\x64\debug\main.obj
c:\users\xgame\desktop\rasterizer-master\source\app\x64\debug\matrix.obj
c:\users\xgame\desktop\rasterizer-master\source\app\x64\debug\mesh.obj
c:\users\xgame\desktop\rasterizer-master\source\app\x64\debug\perftimer.obj
c:\users\xgame\desktop\rasterizer-master\source\app\x64\debug\tests.obj
c:\users\xgame\desktop\rasterizer-master\source\app\x64\debug\util.obj
c:\users\xgame\desktop\rasterizer-master\source\app\x64\debug\vector3.obj
c:\users\xgame\desktop\rasterizer-master\source\app\x64\debug\vector4.obj
c:\users\xgame\desktop\rasterizer-master\source\app\x64\debug\rasterizer.tlog\cl.command.1.tlog
c:\users\xgame\desktop\rasterizer-master\source\app\x64\debug\rasterizer.tlog\cl.items.tlog
c:\users\xgame\desktop\rasterizer-master\source\app\x64\debug\rasterizer.tlog\cl.read.1.tlog
c:\users\xgame\desktop\rasterizer-master\source\app\x64\debug\rasterizer.tlog\cl.write.1.tlog
c:\users\xgame\desktop\rasterizer-master\source\app\x64\debug\rasterizer.tlog\link.command.1.tlog
c:\users\xgame\desktop\rasterizer-master\source\app\x64\debug\rasterizer.tlog\link.read.1.tlog
c:\users\xgame\desktop\rasterizer-master\source\app\x64\debug\rasterizer.tlog\link.secondary.1.tlog
c:\users\xgame\desktop\rasterizer-master\source\app\x64\debug\rasterizer.tlog\link.write.1.tlog
